[
  {
    "m_type": "main/INFO",
    "cause": "cpw.mods.modlauncher.Launcher/MODLAUNCHER",
    "date": "29Dec2022 02:21:19.841",
    "description": ": ModLauncher 8.1.3+8.1.3+main-8.1.x.c94d18ec starting:"
  },
  {
    "m_type": "",
    "cause": "",
    "date": "",
    "description": ""
  },
  {
    "m_type": "main/DEBUG",
    "cause": "cpw.mods.modlauncher.LaunchServiceHandler/MODLAUNCHER",
    "date": "29Dec2022 02:21:19.852",
    "description": ": Found launch services [minecraft,testharness,fmlclient,fmlserver]"
  },
  {
    "m_type": "main/WARN",
    "cause": "cpw.mods.modlauncher.SecureJarHandler/",
    "date": "29Dec2022 02:21:19.856",
    "description": ": LEGACY JDK DETECTED, SECURED JAR HANDLING DISABLED"
  },
  {
    "m_type": "pool-3-thread-1/DEBUG",
    "cause": "mixin/",
    "date": "29Dec2022 02:21:22.975",
    "description": ": Mixing access.BiomeAccess from byg.mixins.json into net.minecraft.world.biome.Biome"
  },
  {
    "m_type": "modloading-worker-5/DEBUG",
    "cause": "net.minecraftforge.fml.AutomaticEventSubscriber/LOADING",
    "date": "29Dec2022 02:21:32.583",
    "description": ": Auto-subscribing net.blay09.mods.waystones.client.ModTextures to MOD"
  },
  {
    "m_type": "modloading-worker-4/DEBUG",
    "cause": "net.minecraftforge.fml.AutomaticEventSubscriber/LOADING",
    "date": "29Dec2022 02:21:32.599",
    "description": ": Attempting to inject @EventBusSubscriber classes into the eventbus for clumps"
  },
  {
    "m_type": "modloading-worker-1/DEBUG",
    "cause": "net.minecraftforge.fml.config.ConfigTracker/CONFIG",
    "date": "29Dec2022 02:21:32.617",
    "description": ": Config file curios-server.toml for curios tracking"
  },
  {
    "m_type": "Worker-Main-8/DEBUG",
    "cause": "thedarkcolour.kotlinforforge.LoggerKt/",
    "date": "29Dec2022 02:21:53.014",
    "description": ": Fired event for modid bountiful : net.minecraftforge.client.event.TextureStitchEvent$Pre@5c265d48"
  },
  {
    "m_type": "Worker-Main-10/DEBUG",
    "cause": "thedarkcolour.kotlinforforge.LoggerKt/",
    "date": "29Dec2022 02:21:53.218",
    "description": ": Firing event for modid bountiful : InterModEnqueueEvent"
  },
  {
    "m_type": "Worker-Main-7/DEBUG",
    "cause": "thedarkcolour.kotlinforforge.LoggerKt/",
    "date": "29Dec2022 02:21:53.279",
    "description": ": Fired event for modid bountiful : InterModProcessEvent"
  },
  {
    "m_type": "Worker-Main-11/DEBUG",
    "cause": "thedarkcolour.kotlinforforge.LoggerKt/",
    "date": "29Dec2022 02:21:53.318",
    "description": ": Firing event for modid bountiful : FMLLoadCompleteEvent"
  },
  {
    "m_type": "Forge Version Check/INFO",
    "cause": "net.minecraftforge.fml.VersionChecker/",
    "date": "29Dec2022 02:22:15.112",
    "description": ": [corpse] Starting version check at https://maxhenkel.de/update/corpse.json"
  },
  {
    "m_type": "Forge Version Check/WARN",
    "cause": "net.minecraftforge.fml.VersionChecker/",
    "date": "29Dec2022 02:22:15.538",
    "description": ": Failed to process update information"
  },
  {
    "m_type": "",
    "cause": "",
    "date": "",
    "description": ""
  },
  {
    "m_type": "",
    "cause": "",
    "date": "",
    "description": ""
  },
  {
    "m_type": "",
    "cause": "",
    "date": "",
    "description": ""
  },
  {
    "m_type": "",
    "cause": "",
    "date": "",
    "description": ""
  },
  {
    "m_type": "",
    "cause": "",
    "date": "",
    "description": ""
  },
  {
    "m_type": "Server thread/WARN",
    "cause": "net.minecraftforge.common.ForgeConfigSpec/CORE",
    "date": "29Dec2022 02:22:24.292",
    "description": ": Incorrect key items.bunny_hoppers.durability was corrected from null to its default, 0."
  },
  {
    "m_type": "Server thread/DEBUG",
    "cause": "net.minecraftforge.common.ForgeConfigSpec/CORE",
    "date": "29Dec2022 02:22:24.292",
    "description": ": The comment on key items.bunny_hoppers.durability does not match the spec. This may create a backup."
  },
  {
    "m_type": "Netty Server IO #2/DEBUG",
    "cause": "net.minecraftforge.fml.network.FMLHandshakeHandler/FMLHANDSHAKE",
    "date": "29Dec2022 02:23:27.692",
    "description": ": Received client indexed reply 23 of type net.minecraftforge.fml.network.FMLHandshakeMessages$C2SAcknowledge"
  },
  {
    "m_type": "Netty Server IO #2/DEBUG",
    "cause": "net.minecraftforge.fml.network.FMLHandshakeHandler/FMLHANDSHAKE",
    "date": "29Dec2022 02:23:27.692",
    "description": ": Received acknowledgement from client"
  },
  {
    "m_type": "Server Watchdog/FATAL",
    "cause": "net.minecraft.server.dedicated.ServerHangWatchdog/",
    "date": "29Dec2022 02:25:27.654",
    "description": ": A single server tick took 60.00 seconds (should be max 0.05)"
  },
  {
    "m_type": "Server thread/WARN",
    "cause": "net.minecraft.server.MinecraftServer/",
    "date": "29Dec2022 02:28:42.744",
    "description": ": Can't keep up! Is the server overloaded? Running 255092ms or 5101 ticks behind"
  },
  {
    "m_type": "Server Watchdog/FATAL",
    "cause": "net.minecraft.server.dedicated.ServerHangWatchdog/",
    "date": "29Dec2022 02:28:42.745",
    "description": ": Considering it to be crashed, server will forcibly shutdown."
  },
  {
    "m_type": "Server Watchdog/FATAL",
    "cause": "net.minecraftforge.common.ForgeMod/",
    "date": "29Dec2022 02:28:42.923",
    "description": ": Preparing crash report with UUID be60c019-f5f4-468a-8382-7b84e05b0e87"
  },
  {
    "m_type": "Server Watchdog/INFO",
    "cause": "STDOUT/",
    "date": "29Dec2022 02:28:42.928",
    "description": ": [net.minecraft.util.registry.Bootstrap:func_179870_a:123]: Crash report:"
  },
  {
    "m_type": "",
    "cause": "",
    "date": "",
    "description": ""
  },
  {
    "m_type": "",
    "cause": "",
    "date": "",
    "description": ""
  },
  {
    "m_type": "",
    "cause": "",
    "date": "",
    "description": ""
  },
  {
    "m_type": "",
    "cause": "",
    "date": "",
    "description": ""
  },
  {
    "m_type": "",
    "cause": "",
    "date": "",
    "description": ""
  },
  {
    "m_type": "",
    "cause": "",
    "date": "",
    "description": ""
  },
  {
    "m_type": "",
    "cause": "",
    "date": "",
    "description": ""
  },
  {
    "m_type": "",
    "cause": "",
    "date": "",
    "description": ""
  },
  {
    "m_type": "",
    "cause": "",
    "date": "",
    "description": ""
  },
  {
    "m_type": "",
    "cause": "",
    "date": "",
    "description": ""
  },
  {
    "m_type": "",
    "cause": "",
    "date": "",
    "description": ""
  },
  {
    "m_type": "",
    "cause": "",
    "date": "",
    "description": ""
  },
  {
    "m_type": "",
    "cause": "",
    "date": "",
    "description": ""
  },
  {
    "m_type": "",
    "cause": "",
    "date": "",
    "description": ""
  },
  {
    "m_type": "",
    "cause": "",
    "date": "",
    "description": ""
  },
  {
    "m_type": "",
    "cause": "",
    "date": "",
    "description": ""
  },
  {
    "m_type": "",
    "cause": "",
    "date": "",
    "description": ""
  },
  {
    "m_type": "",
    "cause": "",
    "date": "",
    "description": ""
  },
  {
    "m_type": "",
    "cause": "",
    "date": "",
    "description": ""
  },
  {
    "m_type": "",
    "cause": "",
    "date": "",
    "description": ""
  },
  {
    "m_type": "",
    "cause": "",
    "date": "",
    "description": ""
  },
  {
    "m_type": "",
    "cause": "",
    "date": "",
    "description": ""
  },
  {
    "m_type": "",
    "cause": "",
    "date": "",
    "description": ""
  },
  {
    "m_type": "",
    "cause": "",
    "date": "",
    "description": ""
  },
  {
    "m_type": "",
    "cause": "",
    "date": "",
    "description": ""
  },
  {
    "m_type": "",
    "cause": "",
    "date": "",
    "description": ""
  },
  {
    "m_type": "",
    "cause": "",
    "date": "",
    "description": ""
  },
  {
    "m_type": "",
    "cause": "",
    "date": "",
    "description": ""
  },
  {
    "m_type": "",
    "cause": "",
    "date": "",
    "description": ""
  },
  {
    "m_type": "",
    "cause": "",
    "date": "",
    "description": ""
  },
  {
    "m_type": "",
    "cause": "",
    "date": "",
    "description": ""
  },
  {
    "m_type": "",
    "cause": "",
    "date": "",
    "description": ""
  },
  {
    "m_type": "",
    "cause": "",
    "date": "",
    "description": ""
  },
  {
    "m_type": "",
    "cause": "",
    "date": "",
    "description": ""
  },
  {
    "m_type": "",
    "cause": "",
    "date": "",
    "description": ""
  },
  {
    "m_type": "",
    "cause": "",
    "date": "",
    "description": ""
  },
  {
    "m_type": "",
    "cause": "",
    "date": "",
    "description": ""
  },
  {
    "m_type": "",
    "cause": "",
    "date": "",
    "description": ""
  },
  {
    "m_type": "",
    "cause": "",
    "date": "",
    "description": ""
  },
  {
    "m_type": "",
    "cause": "",
    "date": "",
    "description": ""
  },
  {
    "m_type": "",
    "cause": "",
    "date": "",
    "description": ""
  },
  {
    "m_type": "",
    "cause": "",
    "date": "",
    "description": ""
  },
  {
    "m_type": "",
    "cause": "",
    "date": "",
    "description": ""
  },
  {
    "m_type": "",
    "cause": "",
    "date": "",
    "description": ""
  },
  {
    "m_type": "",
    "cause": "",
    "date": "",
    "description": ""
  },
  {
    "m_type": "",
    "cause": "",
    "date": "",
    "description": ""
  },
  {
    "m_type": "",
    "cause": "",
    "date": "",
    "description": ""
  },
  {
    "m_type": "",
    "cause": "",
    "date": "",
    "description": ""
  },
  {
    "m_type": "",
    "cause": "",
    "date": "",
    "description": ""
  },
  {
    "m_type": "",
    "cause": "",
    "date": "",
    "description": ""
  },
  {
    "m_type": "",
    "cause": "",
    "date": "",
    "description": ""
  },
  {
    "m_type": "",
    "cause": "",
    "date": "",
    "description": ""
  },
  {
    "m_type": "",
    "cause": "",
    "date": "",
    "description": ""
  },
  {
    "m_type": "",
    "cause": "",
    "date": "",
    "description": ""
  },
  {
    "m_type": "",
    "cause": "",
    "date": "",
    "description": ""
  },
  {
    "m_type": "",
    "cause": "",
    "date": "",
    "description": ""
  },
  {
    "m_type": "",
    "cause": "",
    "date": "",
    "description": ""
  },
  {
    "m_type": "",
    "cause": "",
    "date": "",
    "description": ""
  },
  {
    "m_type": "",
    "cause": "",
    "date": "",
    "description": ""
  },
  {
    "m_type": "",
    "cause": "",
    "date": "",
    "description": ""
  },
  {
    "m_type": "",
    "cause": "",
    "date": "",
    "description": ""
  },
  {
    "m_type": "",
    "cause": "",
    "date": "",
    "description": ""
  },
  {
    "m_type": "",
    "cause": "",
    "date": "",
    "description": ""
  },
  {
    "m_type": "",
    "cause": "",
    "date": "",
    "description": ""
  },
  {
    "m_type": "",
    "cause": "",
    "date": "",
    "description": ""
  },
  {
    "m_type": "",
    "cause": "",
    "date": "",
    "description": ""
  },
  {
    "m_type": "",
    "cause": "",
    "date": "",
    "description": ""
  },
  {
    "m_type": "",
    "cause": "",
    "date": "",
    "description": ""
  },
  {
    "m_type": "",
    "cause": "",
    "date": "",
    "description": ""
  },
  {
    "m_type": "",
    "cause": "",
    "date": "",
    "description": ""
  },
  {
    "m_type": "",
    "cause": "",
    "date": "",
    "description": ""
  },
  {
    "m_type": "",
    "cause": "",
    "date": "",
    "description": ""
  },
  {
    "m_type": "",
    "cause": "",
    "date": "",
    "description": ""
  },
  {
    "m_type": "",
    "cause": "",
    "date": "",
    "description": ""
  },
  {
    "m_type": "",
    "cause": "",
    "date": "",
    "description": ""
  },
  {
    "m_type": "",
    "cause": "",
    "date": "",
    "description": ""
  },
  {
    "m_type": "",
    "cause": "",
    "date": "",
    "description": ""
  },
  {
    "m_type": "",
    "cause": "",
    "date": "",
    "description": ""
  },
  {
    "m_type": "",
    "cause": "",
    "date": "",
    "description": ""
  },
  {
    "m_type": "",
    "cause": "",
    "date": "",
    "description": ""
  },
  {
    "m_type": "",
    "cause": "",
    "date": "",
    "description": ""
  },
  {
    "m_type": "",
    "cause": "",
    "date": "",
    "description": ""
  },
  {
    "m_type": "",
    "cause": "",
    "date": "",
    "description": ""
  },
  {
    "m_type": "",
    "cause": "",
    "date": "",
    "description": ""
  },
  {
    "m_type": "",
    "cause": "",
    "date": "",
    "description": ""
  },
  {
    "m_type": "",
    "cause": "",
    "date": "",
    "description": ""
  },
  {
    "m_type": "",
    "cause": "",
    "date": "",
    "description": ""
  },
  {
    "m_type": "",
    "cause": "",
    "date": "",
    "description": ""
  },
  {
    "m_type": "",
    "cause": "",
    "date": "",
    "description": ""
  },
  {
    "m_type": "",
    "cause": "",
    "date": "",
    "description": ""
  },
  {
    "m_type": "",
    "cause": "",
    "date": "",
    "description": ""
  },
  {
    "m_type": "",
    "cause": "",
    "date": "",
    "description": ""
  },
  {
    "m_type": "",
    "cause": "",
    "date": "",
    "description": ""
  },
  {
    "m_type": "",
    "cause": "",
    "date": "",
    "description": ""
  },
  {
    "m_type": "",
    "cause": "",
    "date": "",
    "description": ""
  },
  {
    "m_type": "",
    "cause": "",
    "date": "",
    "description": ""
  },
  {
    "m_type": "",
    "cause": "",
    "date": "",
    "description": ""
  },
  {
    "m_type": "",
    "cause": "",
    "date": "",
    "description": ""
  },
  {
    "m_type": "",
    "cause": "",
    "date": "",
    "description": ""
  },
  {
    "m_type": "",
    "cause": "",
    "date": "",
    "description": ""
  },
  {
    "m_type": "",
    "cause": "",
    "date": "",
    "description": ""
  },
  {
    "m_type": "",
    "cause": "",
    "date": "",
    "description": ""
  },
  {
    "m_type": "",
    "cause": "",
    "date": "",
    "description": ""
  },
  {
    "m_type": "",
    "cause": "",
    "date": "",
    "description": ""
  },
  {
    "m_type": "",
    "cause": "",
    "date": "",
    "description": ""
  },
  {
    "m_type": "",
    "cause": "",
    "date": "",
    "description": ""
  },
  {
    "m_type": "",
    "cause": "",
    "date": "",
    "description": ""
  },
  {
    "m_type": "",
    "cause": "",
    "date": "",
    "description": ""
  },
  {
    "m_type": "",
    "cause": "",
    "date": "",
    "description": ""
  },
  {
    "m_type": "",
    "cause": "",
    "date": "",
    "description": ""
  },
  {
    "m_type": "",
    "cause": "",
    "date": "",
    "description": ""
  },
  {
    "m_type": "",
    "cause": "",
    "date": "",
    "description": ""
  },
  {
    "m_type": "",
    "cause": "",
    "date": "",
    "description": ""
  },
  {
    "m_type": "",
    "cause": "",
    "date": "",
    "description": ""
  },
  {
    "m_type": "",
    "cause": "",
    "date": "",
    "description": ""
  },
  {
    "m_type": "",
    "cause": "",
    "date": "",
    "description": ""
  },
  {
    "m_type": "",
    "cause": "",
    "date": "",
    "description": ""
  },
  {
    "m_type": "",
    "cause": "",
    "date": "",
    "description": ""
  },
  {
    "m_type": "",
    "cause": "",
    "date": "",
    "description": ""
  },
  {
    "m_type": "",
    "cause": "",
    "date": "",
    "description": ""
  },
  {
    "m_type": "",
    "cause": "",
    "date": "",
    "description": ""
  },
  {
    "m_type": "",
    "cause": "",
    "date": "",
    "description": ""
  },
  {
    "m_type": "",
    "cause": "",
    "date": "",
    "description": ""
  },
  {
    "m_type": "",
    "cause": "",
    "date": "",
    "description": ""
  },
  {
    "m_type": "",
    "cause": "",
    "date": "",
    "description": ""
  },
  {
    "m_type": "",
    "cause": "",
    "date": "",
    "description": ""
  },
  {
    "m_type": "",
    "cause": "",
    "date": "",
    "description": ""
  },
  {
    "m_type": "",
    "cause": "",
    "date": "",
    "description": ""
  },
  {
    "m_type": "",
    "cause": "",
    "date": "",
    "description": ""
  },
  {
    "m_type": "",
    "cause": "",
    "date": "",
    "description": ""
  },
  {
    "m_type": "",
    "cause": "",
    "date": "",
    "description": ""
  },
  {
    "m_type": "",
    "cause": "",
    "date": "",
    "description": ""
  },
  {
    "m_type": "",
    "cause": "",
    "date": "",
    "description": ""
  },
  {
    "m_type": "",
    "cause": "",
    "date": "",
    "description": ""
  },
  {
    "m_type": "",
    "cause": "",
    "date": "",
    "description": ""
  },
  {
    "m_type": "",
    "cause": "",
    "date": "",
    "description": ""
  },
  {
    "m_type": "",
    "cause": "",
    "date": "",
    "description": ""
  },
  {
    "m_type": "",
    "cause": "",
    "date": "",
    "description": ""
  },
  {
    "m_type": "",
    "cause": "",
    "date": "",
    "description": ""
  },
  {
    "m_type": "",
    "cause": "",
    "date": "",
    "description": ""
  },
  {
    "m_type": "",
    "cause": "",
    "date": "",
    "description": ""
  },
  {
    "m_type": "",
    "cause": "",
    "date": "",
    "description": ""
  },
  {
    "m_type": "",
    "cause": "",
    "date": "",
    "description": ""
  },
  {
    "m_type": "",
    "cause": "",
    "date": "",
    "description": ""
  },
  {
    "m_type": "",
    "cause": "",
    "date": "",
    "description": ""
  },
  {
    "m_type": "",
    "cause": "",
    "date": "",
    "description": ""
  },
  {
    "m_type": "",
    "cause": "",
    "date": "",
    "description": ""
  },
  {
    "m_type": "",
    "cause": "",
    "date": "",
    "description": ""
  },
  {
    "m_type": "",
    "cause": "",
    "date": "",
    "description": ""
  },
  {
    "m_type": "",
    "cause": "",
    "date": "",
    "description": ""
  },
  {
    "m_type": "",
    "cause": "",
    "date": "",
    "description": ""
  },
  {
    "m_type": "",
    "cause": "",
    "date": "",
    "description": ""
  },
  {
    "m_type": "",
    "cause": "",
    "date": "",
    "description": ""
  },
  {
    "m_type": "",
    "cause": "",
    "date": "",
    "description": ""
  },
  {
    "m_type": "",
    "cause": "",
    "date": "",
    "description": ""
  },
  {
    "m_type": "",
    "cause": "",
    "date": "",
    "description": ""
  },
  {
    "m_type": "",
    "cause": "",
    "date": "",
    "description": ""
  },
  {
    "m_type": "",
    "cause": "",
    "date": "",
    "description": ""
  },
  {
    "m_type": "",
    "cause": "",
    "date": "",
    "description": ""
  },
  {
    "m_type": "",
    "cause": "",
    "date": "",
    "description": ""
  },
  {
    "m_type": "",
    "cause": "",
    "date": "",
    "description": ""
  },
  {
    "m_type": "",
    "cause": "",
    "date": "",
    "description": ""
  },
  {
    "m_type": "",
    "cause": "",
    "date": "",
    "description": ""
  },
  {
    "m_type": "",
    "cause": "",
    "date": "",
    "description": ""
  },
  {
    "m_type": "",
    "cause": "",
    "date": "",
    "description": ""
  },
  {
    "m_type": "",
    "cause": "",
    "date": "",
    "description": ""
  },
  {
    "m_type": "",
    "cause": "",
    "date": "",
    "description": ""
  },
  {
    "m_type": "",
    "cause": "",
    "date": "",
    "description": ""
  },
  {
    "m_type": "",
    "cause": "",
    "date": "",
    "description": ""
  },
  {
    "m_type": "",
    "cause": "",
    "date": "",
    "description": ""
  },
  {
    "m_type": "",
    "cause": "",
    "date": "",
    "description": ""
  },
  {
    "m_type": "",
    "cause": "",
    "date": "",
    "description": ""
  },
  {
    "m_type": "",
    "cause": "",
    "date": "",
    "description": ""
  },
  {
    "m_type": "",
    "cause": "",
    "date": "",
    "description": ""
  },
  {
    "m_type": "",
    "cause": "",
    "date": "",
    "description": ""
  },
  {
    "m_type": "",
    "cause": "",
    "date": "",
    "description": ""
  },
  {
    "m_type": "",
    "cause": "",
    "date": "",
    "description": ""
  },
  {
    "m_type": "",
    "cause": "",
    "date": "",
    "description": ""
  },
  {
    "m_type": "",
    "cause": "",
    "date": "",
    "description": ""
  },
  {
    "m_type": "",
    "cause": "",
    "date": "",
    "description": ""
  },
  {
    "m_type": "",
    "cause": "",
    "date": "",
    "description": ""
  },
  {
    "m_type": "",
    "cause": "",
    "date": "",
    "description": ""
  },
  {
    "m_type": "",
    "cause": "",
    "date": "",
    "description": ""
  },
  {
    "m_type": "",
    "cause": "",
    "date": "",
    "description": ""
  },
  {
    "m_type": "",
    "cause": "",
    "date": "",
    "description": ""
  },
  {
    "m_type": "",
    "cause": "",
    "date": "",
    "description": ""
  },
  {
    "m_type": "",
    "cause": "",
    "date": "",
    "description": ""
  },
  {
    "m_type": "",
    "cause": "",
    "date": "",
    "description": ""
  },
  {
    "m_type": "",
    "cause": "",
    "date": "",
    "description": ""
  },
  {
    "m_type": "",
    "cause": "",
    "date": "",
    "description": ""
  },
  {
    "m_type": "",
    "cause": "",
    "date": "",
    "description": ""
  },
  {
    "m_type": "",
    "cause": "",
    "date": "",
    "description": ""
  },
  {
    "m_type": "",
    "cause": "",
    "date": "",
    "description": ""
  },
  {
    "m_type": "",
    "cause": "",
    "date": "",
    "description": ""
  },
  {
    "m_type": "",
    "cause": "",
    "date": "",
    "description": ""
  },
  {
    "m_type": "",
    "cause": "",
    "date": "",
    "description": ""
  },
  {
    "m_type": "",
    "cause": "",
    "date": "",
    "description": ""
  },
  {
    "m_type": "",
    "cause": "",
    "date": "",
    "description": ""
  },
  {
    "m_type": "",
    "cause": "",
    "date": "",
    "description": ""
  },
  {
    "m_type": "",
    "cause": "",
    "date": "",
    "description": ""
  },
  {
    "m_type": "",
    "cause": "",
    "date": "",
    "description": ""
  },
  {
    "m_type": "",
    "cause": "",
    "date": "",
    "description": ""
  },
  {
    "m_type": "",
    "cause": "",
    "date": "",
    "description": ""
  },
  {
    "m_type": "",
    "cause": "",
    "date": "",
    "description": ""
  },
  {
    "m_type": "",
    "cause": "",
    "date": "",
    "description": ""
  },
  {
    "m_type": "",
    "cause": "",
    "date": "",
    "description": ""
  },
  {
    "m_type": "",
    "cause": "",
    "date": "",
    "description": ""
  },
  {
    "m_type": "",
    "cause": "",
    "date": "",
    "description": ""
  },
  {
    "m_type": "",
    "cause": "",
    "date": "",
    "description": ""
  },
  {
    "m_type": "",
    "cause": "",
    "date": "",
    "description": ""
  },
  {
    "m_type": "",
    "cause": "",
    "date": "",
    "description": ""
  },
  {
    "m_type": "",
    "cause": "",
    "date": "",
    "description": ""
  },
  {
    "m_type": "",
    "cause": "",
    "date": "",
    "description": ""
  },
  {
    "m_type": "",
    "cause": "",
    "date": "",
    "description": ""
  },
  {
    "m_type": "",
    "cause": "",
    "date": "",
    "description": ""
  },
  {
    "m_type": "",
    "cause": "",
    "date": "",
    "description": ""
  },
  {
    "m_type": "",
    "cause": "",
    "date": "",
    "description": ""
  },
  {
    "m_type": "",
    "cause": "",
    "date": "",
    "description": ""
  },
  {
    "m_type": "",
    "cause": "",
    "date": "",
    "description": ""
  },
  {
    "m_type": "",
    "cause": "",
    "date": "",
    "description": ""
  },
  {
    "m_type": "",
    "cause": "",
    "date": "",
    "description": ""
  },
  {
    "m_type": "",
    "cause": "",
    "date": "",
    "description": ""
  },
  {
    "m_type": "",
    "cause": "",
    "date": "",
    "description": ""
  },
  {
    "m_type": "",
    "cause": "",
    "date": "",
    "description": ""
  },
  {
    "m_type": "",
    "cause": "",
    "date": "",
    "description": ""
  },
  {
    "m_type": "",
    "cause": "",
    "date": "",
    "description": ""
  },
  {
    "m_type": "",
    "cause": "",
    "date": "",
    "description": ""
  },
  {
    "m_type": "",
    "cause": "",
    "date": "",
    "description": ""
  },
  {
    "m_type": "",
    "cause": "",
    "date": "",
    "description": ""
  },
  {
    "m_type": "",
    "cause": "",
    "date": "",
    "description": ""
  },
  {
    "m_type": "",
    "cause": "",
    "date": "",
    "description": ""
  },
  {
    "m_type": "",
    "cause": "",
    "date": "",
    "description": ""
  },
  {
    "m_type": "",
    "cause": "",
    "date": "",
    "description": ""
  },
  {
    "m_type": "",
    "cause": "",
    "date": "",
    "description": ""
  },
  {
    "m_type": "",
    "cause": "",
    "date": "",
    "description": ""
  },
  {
    "m_type": "",
    "cause": "",
    "date": "",
    "description": ""
  },
  {
    "m_type": "",
    "cause": "",
    "date": "",
    "description": ""
  },
  {
    "m_type": "",
    "cause": "",
    "date": "",
    "description": ""
  },
  {
    "m_type": "",
    "cause": "",
    "date": "",
    "description": ""
  },
  {
    "m_type": "",
    "cause": "",
    "date": "",
    "description": ""
  },
  {
    "m_type": "",
    "cause": "",
    "date": "",
    "description": ""
  },
  {
    "m_type": "",
    "cause": "",
    "date": "",
    "description": ""
  },
  {
    "m_type": "",
    "cause": "",
    "date": "",
    "description": ""
  },
  {
    "m_type": "",
    "cause": "",
    "date": "",
    "description": ""
  },
  {
    "m_type": "",
    "cause": "",
    "date": "",
    "description": ""
  },
  {
    "m_type": "",
    "cause": "",
    "date": "",
    "description": ""
  },
  {
    "m_type": "",
    "cause": "",
    "date": "",
    "description": ""
  },
  {
    "m_type": "",
    "cause": "",
    "date": "",
    "description": ""
  },
  {
    "m_type": "",
    "cause": "",
    "date": "",
    "description": ""
  },
  {
    "m_type": "",
    "cause": "",
    "date": "",
    "description": ""
  },
  {
    "m_type": "",
    "cause": "",
    "date": "",
    "description": ""
  },
  {
    "m_type": "",
    "cause": "",
    "date": "",
    "description": ""
  },
  {
    "m_type": "",
    "cause": "",
    "date": "",
    "description": ""
  },
  {
    "m_type": "",
    "cause": "",
    "date": "",
    "description": ""
  },
  {
    "m_type": "",
    "cause": "",
    "date": "",
    "description": ""
  },
  {
    "m_type": "",
    "cause": "",
    "date": "",
    "description": ""
  },
  {
    "m_type": "",
    "cause": "",
    "date": "",
    "description": ""
  },
  {
    "m_type": "",
    "cause": "",
    "date": "",
    "description": ""
  },
  {
    "m_type": "",
    "cause": "",
    "date": "",
    "description": ""
  },
  {
    "m_type": "",
    "cause": "",
    "date": "",
    "description": ""
  },
  {
    "m_type": "",
    "cause": "",
    "date": "",
    "description": ""
  },
  {
    "m_type": "",
    "cause": "",
    "date": "",
    "description": ""
  },
  {
    "m_type": "",
    "cause": "",
    "date": "",
    "description": ""
  },
  {
    "m_type": "",
    "cause": "",
    "date": "",
    "description": ""
  },
  {
    "m_type": "",
    "cause": "",
    "date": "",
    "description": ""
  },
  {
    "m_type": "",
    "cause": "",
    "date": "",
    "description": ""
  },
  {
    "m_type": "Server thread/INFO",
    "cause": "net.minecraft.network.play.ServerPlayNetHandler/",
    "date": "29Dec2022 02:28:42.933",
    "description": ": player lost connection: Disconnected"
  },
  {
    "m_type": "Server thread/INFO",
    "cause": "net.minecraft.server.dedicated.DedicatedServer/",
    "date": "29Dec2022 02:28:42.933",
    "description": ": player left the game"
  },
  {
    "m_type": "Server Watchdog/ERROR",
    "cause": "net.minecraft.server.dedicated.ServerHangWatchdog/",
    "date": "29Dec2022 02:28:42.935",
    "description": ": This crash report has been saved to: D:\\dev\\mc_server\\ForgeServer_1.16.5\\.\\crash-reports\\crash-2022-12-29_02.28.42-server.txt"
  }
]